[2026-03-29 08-07-26] PHP Warning: include(home.php): Failed to open stream: No such file or directory in /var/www/html/app/views/template.php:257  @  http://localhost:8083/ 
[2026-03-29 08-07-26] PHP Warning: include(): Failed opening 'home.php' for inclusion (include_path='.:/usr/local/lib/php') in /var/www/html/app/views/template.php:257  @  http://localhost:8083/ 
[2026-03-29 08-21-06] PHP Warning: include(home.php): Failed to open stream: No such file or directory in /var/www/html/app/views/template.php:257  @  http://localhost:8083/ 
[2026-03-29 08-21-06] PHP Warning: include(): Failed opening 'home.php' for inclusion (include_path='.:/usr/local/lib/php') in /var/www/html/app/views/template.php:257  @  http://localhost:8083/ 
[2026-03-29 08-21-12] PHP Warning: include(home.php): Failed to open stream: No such file or directory in /var/www/html/app/views/template.php:257  @  http://localhost:8083/ 
[2026-03-29 08-21-12] PHP Warning: include(): Failed opening 'home.php' for inclusion (include_path='.:/usr/local/lib/php') in /var/www/html/app/views/template.php:257  @  http://localhost:8083/ 
[2026-03-29 08-40-49] PHP Deprecated: mb_convert_encoding(): Handling HTML entities via mbstring is deprecated; use htmlspecialchars, htmlentities, or mb_encode_numericentity/mb_decode_numericentity instead in /var/www/html/app/controllers/FrontOfficeController.php:38  @  http://localhost:8083/article/impact-economique-petrole-sanctions 
[2026-03-29 08-40-54] PHP Deprecated: mb_convert_encoding(): Handling HTML entities via mbstring is deprecated; use htmlspecialchars, htmlentities, or mb_encode_numericentity/mb_decode_numericentity instead in /var/www/html/app/controllers/FrontOfficeController.php:38  @  http://localhost:8083/article/enjeux-geopolitiques-iran-2026 
[2026-03-29 08-40-58] PHP Deprecated: mb_convert_encoding(): Handling HTML entities via mbstring is deprecated; use htmlspecialchars, htmlentities, or mb_encode_numericentity/mb_decode_numericentity instead in /var/www/html/app/controllers/FrontOfficeController.php:38  @  http://localhost:8083/article/chronologie-tensions-diplomatiques-mars-2026 
[2026-03-29 08-41-19] PHP Deprecated: mb_convert_encoding(): Handling HTML entities via mbstring is deprecated; use htmlspecialchars, htmlentities, or mb_encode_numericentity/mb_decode_numericentity instead in /var/www/html/app/controllers/FrontOfficeController.php:38  @  http://localhost:8083/article/enjeux-geopolitiques-iran-2026 
[2026-03-29 08-46-32] PHP Deprecated: mb_convert_encoding(): Handling HTML entities via mbstring is deprecated; use htmlspecialchars, htmlentities, or mb_encode_numericentity/mb_decode_numericentity instead in /var/www/html/app/controllers/FrontOfficeController.php:38  @  http://localhost:8083/article/impact-economique-petrole-sanctions 
[2026-03-29 08-46-42] PHP Deprecated: mb_convert_encoding(): Handling HTML entities via mbstring is deprecated; use htmlspecialchars, htmlentities, or mb_encode_numericentity/mb_decode_numericentity instead in /var/www/html/app/controllers/FrontOfficeController.php:38  @  http://localhost:8083/article/impact-economique-petrole-sanctions 
[2026-03-29 08-51-35] PHP Deprecated: mb_convert_encoding(): Handling HTML entities via mbstring is deprecated; use htmlspecialchars, htmlentities, or mb_encode_numericentity/mb_decode_numericentity instead in /var/www/html/app/controllers/FrontOfficeController.php:38  @  http://localhost:8083/article/impact-economique-petrole-sanctions 
[2026-03-29 08-52-07] PHP Deprecated: mb_convert_encoding(): Handling HTML entities via mbstring is deprecated; use htmlspecialchars, htmlentities, or mb_encode_numericentity/mb_decode_numericentity instead in /var/www/html/app/controllers/FrontOfficeController.php:38  @  http://localhost:8083/article/impact-economique-petrole-sanctions 
[2026-03-29 08-57-50] PHP Deprecated: mb_convert_encoding(): Handling HTML entities via mbstring is deprecated; use htmlspecialchars, htmlentities, or mb_encode_numericentity/mb_decode_numericentity instead in /var/www/html/app/controllers/FrontOfficeController.php:62  @  http://localhost:8083/article/enjeux-geopolitiques-iran-2026 
[2026-03-29 08-59-35] PHP Deprecated: mb_convert_encoding(): Handling HTML entities via mbstring is deprecated; use htmlspecialchars, htmlentities, or mb_encode_numericentity/mb_decode_numericentity instead in /var/www/html/app/controllers/FrontOfficeController.php:62  @  http://localhost:8083/article/impact-economique-petrole-sanctions 
[2026-03-29 08-59-44] PHP Deprecated: mb_convert_encoding(): Handling HTML entities via mbstring is deprecated; use htmlspecialchars, htmlentities, or mb_encode_numericentity/mb_decode_numericentity instead in /var/www/html/app/controllers/FrontOfficeController.php:62  @  http://localhost:8083/articles/article-1-2-5.html 
[2026-03-29 09-00-00] PHP Deprecated: mb_convert_encoding(): Handling HTML entities via mbstring is deprecated; use htmlspecialchars, htmlentities, or mb_encode_numericentity/mb_decode_numericentity instead in /var/www/html/app/controllers/FrontOfficeController.php:62  @  http://localhost:8083/article/impact-economique-petrole-sanctions 
[2026-03-29 09-00-04] PHP Deprecated: mb_convert_encoding(): Handling HTML entities via mbstring is deprecated; use htmlspecialchars, htmlentities, or mb_encode_numericentity/mb_decode_numericentity instead in /var/www/html/app/controllers/FrontOfficeController.php:62  @  http://localhost:8083/article/enjeux-geopolitiques-iran-2026 
[2026-03-29 09-00-07] PHP Deprecated: mb_convert_encoding(): Handling HTML entities via mbstring is deprecated; use htmlspecialchars, htmlentities, or mb_encode_numericentity/mb_decode_numericentity instead in /var/www/html/app/controllers/FrontOfficeController.php:62  @  http://localhost:8083/article/chronologie-tensions-diplomatiques-mars-2026 
[2026-03-29 09-03-01] PHP Deprecated: mb_convert_encoding(): Handling HTML entities via mbstring is deprecated; use htmlspecialchars, htmlentities, or mb_encode_numericentity/mb_decode_numericentity instead in /var/www/html/app/controllers/FrontOfficeController.php:62  @  http://localhost:8083/articles/article-1-2-5.html 
[2026-03-29 09-03-48] PHP Deprecated: mb_convert_encoding(): Handling HTML entities via mbstring is deprecated; use htmlspecialchars, htmlentities, or mb_encode_numericentity/mb_decode_numericentity instead in /var/www/html/app/controllers/FrontOfficeController.php:62  @  http://localhost:8083/article/impact-economique-petrole-sanctions 
[2026-03-29 09-03-52] PHP Deprecated: mb_convert_encoding(): Handling HTML entities via mbstring is deprecated; use htmlspecialchars, htmlentities, or mb_encode_numericentity/mb_decode_numericentity instead in /var/www/html/app/controllers/FrontOfficeController.php:62  @  http://localhost:8083/article/enjeux-geopolitiques-iran-2026 
[2026-03-29 09-05-15] PHP Deprecated: mb_convert_encoding(): Handling HTML entities via mbstring is deprecated; use htmlspecialchars, htmlentities, or mb_encode_numericentity/mb_decode_numericentity instead in /var/www/html/app/controllers/FrontOfficeController.php:62  @  http://localhost:8083/articles/article-1-1-1.html 
[2026-03-29 09-06-07] PHP Deprecated: mb_convert_encoding(): Handling HTML entities via mbstring is deprecated; use htmlspecialchars, htmlentities, or mb_encode_numericentity/mb_decode_numericentity instead in /var/www/html/app/controllers/FrontOfficeController.php:62  @  http://localhost:8083/articles/article-3-1-1.html 
[2026-03-29 09-06-11] PHP Deprecated: mb_convert_encoding(): Handling HTML entities via mbstring is deprecated; use htmlspecialchars, htmlentities, or mb_encode_numericentity/mb_decode_numericentity instead in /var/www/html/app/controllers/FrontOfficeController.php:62  @  http://localhost:8083/articles/article-1-1-1.html 
[2026-03-29 09-06-15] PHP Deprecated: mb_convert_encoding(): Handling HTML entities via mbstring is deprecated; use htmlspecialchars, htmlentities, or mb_encode_numericentity/mb_decode_numericentity instead in /var/www/html/app/controllers/FrontOfficeController.php:62  @  http://localhost:8083/articles/article-2-1-1.html 
[2026-03-29 09-06-18] PHP Deprecated: mb_convert_encoding(): Handling HTML entities via mbstring is deprecated; use htmlspecialchars, htmlentities, or mb_encode_numericentity/mb_decode_numericentity instead in /var/www/html/app/controllers/FrontOfficeController.php:62  @  http://localhost:8083/articles/article-3-1-1.html 
[2026-03-29 09-06-21] PHP Deprecated: mb_convert_encoding(): Handling HTML entities via mbstring is deprecated; use htmlspecialchars, htmlentities, or mb_encode_numericentity/mb_decode_numericentity instead in /var/www/html/app/controllers/FrontOfficeController.php:62  @  http://localhost:8083/articles/article-1-1-1.html 
[2026-03-29 09-07-19] PHP Deprecated: mb_convert_encoding(): Handling HTML entities via mbstring is deprecated; use htmlspecialchars, htmlentities, or mb_encode_numericentity/mb_decode_numericentity instead in /var/www/html/app/controllers/FrontOfficeController.php:62  @  http://localhost:8083/articles/article-3-1-1.html 
[2026-03-29 09-07-24] PHP Deprecated: mb_convert_encoding(): Handling HTML entities via mbstring is deprecated; use htmlspecialchars, htmlentities, or mb_encode_numericentity/mb_decode_numericentity instead in /var/www/html/app/controllers/FrontOfficeController.php:62  @  http://localhost:8083/articles/article-2-1-1.html 
[2026-03-29 09-07-36] PHP Deprecated: mb_convert_encoding(): Handling HTML entities via mbstring is deprecated; use htmlspecialchars, htmlentities, or mb_encode_numericentity/mb_decode_numericentity instead in /var/www/html/app/controllers/FrontOfficeController.php:62  @  http://localhost:8083/articles/article-3-1-1.html 
[2026-03-29 09-15-34] PHP Deprecated: mb_convert_encoding(): Handling HTML entities via mbstring is deprecated; use htmlspecialchars, htmlentities, or mb_encode_numericentity/mb_decode_numericentity instead in /var/www/html/app/controllers/FrontOfficeController.php:62  @  http://localhost:8083/articles/article-1-1-1.html 
[2026-03-29 09-15-53] PHP Deprecated: mb_convert_encoding(): Handling HTML entities via mbstring is deprecated; use htmlspecialchars, htmlentities, or mb_encode_numericentity/mb_decode_numericentity instead in /var/www/html/app/controllers/FrontOfficeController.php:62  @  http://localhost:8083/articles/article-3-1-1.html 
[2026-03-29 09-16-07] PHP Deprecated: mb_convert_encoding(): Handling HTML entities via mbstring is deprecated; use htmlspecialchars, htmlentities, or mb_encode_numericentity/mb_decode_numericentity instead in /var/www/html/app/controllers/FrontOfficeController.php:62  @  http://localhost:8083/articles/article-3-1-1.html 
[2026-03-29 10-00-35] PHP Deprecated: mb_convert_encoding(): Handling HTML entities via mbstring is deprecated; use htmlspecialchars, htmlentities, or mb_encode_numericentity/mb_decode_numericentity instead in /var/www/html/app/controllers/FrontOfficeController.php:62  @  http://localhost:8083/articles/article-1-1-1.html 
[2026-03-29 10-00-50] PHP Deprecated: mb_convert_encoding(): Handling HTML entities via mbstring is deprecated; use htmlspecialchars, htmlentities, or mb_encode_numericentity/mb_decode_numericentity instead in /var/www/html/app/controllers/FrontOfficeController.php:62  @  http://localhost:8083/articles/article-1-1-1.html 
[2026-03-29 10-00-54] PHP Deprecated: mb_convert_encoding(): Handling HTML entities via mbstring is deprecated; use htmlspecialchars, htmlentities, or mb_encode_numericentity/mb_decode_numericentity instead in /var/www/html/app/controllers/FrontOfficeController.php:62  @  http://localhost:8083/articles/article-1-1-1.html 
[2026-03-29 10-16-15] PHP Deprecated: mb_convert_encoding(): Handling HTML entities via mbstring is deprecated; use htmlspecialchars, htmlentities, or mb_encode_numericentity/mb_decode_numericentity instead in /var/www/html/app/controllers/FrontOfficeController.php:62  @  http://localhost:8083/articles/article-1-1-1.html 
[2026-03-29 10-16-57] PHP Deprecated: mb_convert_encoding(): Handling HTML entities via mbstring is deprecated; use htmlspecialchars, htmlentities, or mb_encode_numericentity/mb_decode_numericentity instead in /var/www/html/app/controllers/FrontOfficeController.php:62  @  http://localhost:8083/articles/article-1-1-1.html 
[2026-03-29 10-18-43] PHP Deprecated: mb_convert_encoding(): Handling HTML entities via mbstring is deprecated; use htmlspecialchars, htmlentities, or mb_encode_numericentity/mb_decode_numericentity instead in /var/www/html/app/controllers/FrontOfficeController.php:62  @  http://localhost:8083/articles/article-1-1-1.html 
[2026-03-29 10-21-53] PHP Deprecated: mb_convert_encoding(): Handling HTML entities via mbstring is deprecated; use htmlspecialchars, htmlentities, or mb_encode_numericentity/mb_decode_numericentity instead in /var/www/html/app/controllers/FrontOfficeController.php:62  @  http://localhost:8083/articles/article-1-1-1.html 
[2026-03-29 10-24-02] PHP Deprecated: mb_convert_encoding(): Handling HTML entities via mbstring is deprecated; use htmlspecialchars, htmlentities, or mb_encode_numericentity/mb_decode_numericentity instead in /var/www/html/app/controllers/FrontOfficeController.php:62  @  http://localhost:8083/articles/article-1-1-1.html 
[2026-03-29 10-28-23] PHP Deprecated: mb_convert_encoding(): Handling HTML entities via mbstring is deprecated; use htmlspecialchars, htmlentities, or mb_encode_numericentity/mb_decode_numericentity instead in /var/www/html/app/controllers/FrontOfficeController.php:62  @  http://localhost:8083/articles/article-1-1-1.html 
[2026-03-29 10-30-48] PHP Deprecated: mb_convert_encoding(): Handling HTML entities via mbstring is deprecated; use htmlspecialchars, htmlentities, or mb_encode_numericentity/mb_decode_numericentity instead in /var/www/html/app/controllers/FrontOfficeController.php:62  @  http://localhost:8083/articles/article-1-1-1.html 
[2026-03-29 10-30-50] PHP Deprecated: mb_convert_encoding(): Handling HTML entities via mbstring is deprecated; use htmlspecialchars, htmlentities, or mb_encode_numericentity/mb_decode_numericentity instead in /var/www/html/app/controllers/FrontOfficeController.php:62  @  http://localhost:8083/articles/article-1-1-1.html 
[2026-03-29 10-44-24] PHP Deprecated: mb_convert_encoding(): Handling HTML entities via mbstring is deprecated; use htmlspecialchars, htmlentities, or mb_encode_numericentity/mb_decode_numericentity instead in /var/www/html/app/controllers/FrontOfficeController.php:62  @  http://localhost:8083/articles/article-1-1-1.html 
[2026-03-29 10-44-35] PHP Warning: Undefined variable $articles in /var/www/html/app/views/backoffice/dashboard.php:4  @  http://localhost:8083/admin/login 
[2026-03-29 10-44-47] PHP Warning: Undefined variable $articles in /var/www/html/app/views/backoffice/dashboard.php:4  @  http://localhost:8083/admin/login 
[2026-03-29 10-44-55] PHP Warning: Undefined variable $articles in /var/www/html/app/views/backoffice/dashboard.php:4  @  http://localhost:8083/backoffice/login.html 
[2026-03-29 10-45-38] PHP Warning: Undefined variable $articles in /var/www/html/app/views/backoffice/dashboard.php:4  @  http://localhost:8083/admin/login 
[2026-03-29 10-45-40] PHP Warning: Undefined variable $articles in /var/www/html/app/views/backoffice/dashboard.php:4  @  http://localhost:8083/admin/login 
[2026-03-29 10-53-15] PHP Deprecated: mb_convert_encoding(): Handling HTML entities via mbstring is deprecated; use htmlspecialchars, htmlentities, or mb_encode_numericentity/mb_decode_numericentity instead in /var/www/html/app/controllers/FrontOfficeController.php:62  @  http://localhost:8083/articles/article-1-1-1.html 
[2026-03-29 10-59-36] PHP Deprecated: mb_convert_encoding(): Handling HTML entities via mbstring is deprecated; use htmlspecialchars, htmlentities, or mb_encode_numericentity/mb_decode_numericentity instead in /var/www/html/app/controllers/FrontOfficeController.php:62  @  http://localhost:8083/articles/article-1-1-1.html 
