[2025-01-13 10-14-11] Notice: fwrite(): Write of 41 bytes failed with errno=28 No space left on device in C:\xampp\htdocs\Exam\Http\vendor\tracy\tracy\src\Tracy\Session\FileSession.php:100  @  http://localhost/Exam/Http/suggestions?nombre_filles=3&nombre_garcons=2  @@  exception--2025-01-13--10-14--e72afc8983.html
[2025-01-13 10-16-03] Notice: fwrite(): Write of 23 bytes failed with errno=28 No space left on device in C:\xampp\htdocs\Exam\Http\vendor\tracy\tracy\src\Tracy\Session\FileSession.php:100  @  http://localhost/Exam/Http/ajout  @@  exception--2025-01-13--10-16--2dcf899e91.html
[2026-03-29 07-18-52] Error: Class "app\controllers\AnimalController" not found in /var/www/html/app/config/routes.php:22  @  http://localhost:8080/  @@  exception--2026-03-29--07-18--f71c9a63b0.html
[2026-03-29 07-19-08] Error: Class "app\controllers\AnimalController" not found in /var/www/html/app/config/routes.php:22  @  http://localhost:8080/accueil  @@  exception--2026-03-29--07-18--f71c9a63b0.html
[2026-03-29 07-19-08] Error: Class "app\controllers\AnimalController" not found in /var/www/html/app/config/routes.php:22  @  http://localhost:8080/favicon.ico  @@  exception--2026-03-29--07-18--f71c9a63b0.html
[2026-03-29 10-44-35] TypeError: array_slice(): Argument #1 ($array) must be of type array, null given in /var/www/html/app/views/backoffice/dashboard.php:4  @  http://localhost:8083/admin/login  @@  exception--2026-03-29--10-44--8f0bfc2a8e.html
[2026-03-29 10-44-47] TypeError: array_slice(): Argument #1 ($array) must be of type array, null given in /var/www/html/app/views/backoffice/dashboard.php:4  @  http://localhost:8083/admin/login  @@  exception--2026-03-29--10-44--8f0bfc2a8e.html
[2026-03-29 10-44-55] TypeError: array_slice(): Argument #1 ($array) must be of type array, null given in /var/www/html/app/views/backoffice/dashboard.php:4  @  http://localhost:8083/backoffice/login.html  @@  exception--2026-03-29--10-44--92447eaf62.html
[2026-03-29 10-45-38] TypeError: array_slice(): Argument #1 ($array) must be of type array, null given in /var/www/html/app/views/backoffice/dashboard.php:4  @  http://localhost:8083/admin/login  @@  exception--2026-03-29--10-44--8f0bfc2a8e.html
[2026-03-29 10-45-40] TypeError: array_slice(): Argument #1 ($array) must be of type array, null given in /var/www/html/app/views/backoffice/dashboard.php:4  @  http://localhost:8083/admin/login  @@  exception--2026-03-29--10-44--8f0bfc2a8e.html
[2026-03-29 10-48-37] TypeError: app\controllers\BackOfficeController::adminArticleEditGet(): Argument #1 ($id) must be of type int, string given in /var/www/html/app/controllers/BackOfficeController.php:271  @  http://localhost:8083/backoffice/articles/edit-1.html  @@  exception--2026-03-29--10-48--5b084659f0.html
[2026-03-29 10-49-10] TypeError: app\controllers\BackOfficeController::adminArticleEditGet(): Argument #1 ($id) must be of type int, string given in /var/www/html/app/controllers/BackOfficeController.php:271  @  http://localhost:8083/backoffice/articles/edit-1.html  @@  exception--2026-03-29--10-48--5b084659f0.html
[2026-03-30 00-47-40] Error: Undefined constant "articles" in /var/www/html/app/views/backoffice/dashboard.php:3  @  http://localhost:8083/backoffice.html  @@  exception--2026-03-30--00-47--14ee89099f.html
[2026-03-30 01-19-23] TypeError: app\controllers\BackOfficeController::fetchArticleById(): Argument #1 ($id) must be of type int, string given, called in /var/www/html/app/controllers/BackOfficeController.php on line 498 in /var/www/html/app/controllers/BackOfficeController.php:117  @  http://localhost:8083/backoffice/articles/delete-11.html  @@  exception--2026-03-30--01-19--20abdf8248.html
[2026-03-30 01-19-58] TypeError: app\controllers\BackOfficeController::fetchArticleById(): Argument #1 ($id) must be of type int, string given, called in /var/www/html/app/controllers/BackOfficeController.php on line 498 in /var/www/html/app/controllers/BackOfficeController.php:117  @  http://localhost:8083/backoffice/articles/delete-11.html  @@  exception--2026-03-30--01-19--20abdf8248.html
[2026-03-30 01-20-34] TypeError: app\controllers\BackOfficeController::fetchArticleById(): Argument #1 ($id) must be of type int, string given, called in /var/www/html/app/controllers/BackOfficeController.php on line 498 in /var/www/html/app/controllers/BackOfficeController.php:117  @  http://localhost:8083/backoffice/articles/delete-11.html  @@  exception--2026-03-30--01-19--20abdf8248.html
[2026-03-30 01-24-12] Error: Call to undefined method app\controllers\BackOfficeController::getArticles() in /var/www/html/app/controllers/BackOfficeController.php:506  @  http://localhost:8083/backoffice/articles/delete-11.html  @@  exception--2026-03-30--01-24--62201bfc2e.html
[2026-03-30 01-24-24] Error: Call to undefined method app\controllers\BackOfficeController::getArticles() in /var/www/html/app/controllers/BackOfficeController.php:506  @  http://localhost:8083/backoffice/articles/delete-11.html  @@  exception--2026-03-30--01-24--62201bfc2e.html
[2026-03-30 01-24-33] Error: Call to undefined method app\controllers\BackOfficeController::getArticles() in /var/www/html/app/controllers/BackOfficeController.php:506  @  http://localhost:8083/backoffice/articles/delete-11.html  @@  exception--2026-03-30--01-24--62201bfc2e.html
[2026-03-30 02-15-02] Error: Call to undefined method app\controllers\BackOfficeController::getArticles() in /var/www/html/app/controllers/BackOfficeController.php:529  @  http://localhost:8083/backoffice/articles/delete-1.html  @@  exception--2026-03-30--02-15--1658dd5510.html
